<?xml version="1.0" encoding="UTF-8"?>
<testsuite xmlns:xsi="http://www.w3.org/2001/XMLSchema-instance" xsi:noNamespaceSchemaLocation="https://maven.apache.org/surefire/maven-surefire-plugin/xsd/surefire-test-report.xsd" version="3.0.2" name="com.usai.rag.RagE2ETest" time="0.0" tests="1" errors="0" skipped="1" failures="0">
  <properties>
[...]
</properties>
  <testcase name="ingestAndAskFlow(Path)" classname="com.usai.rag.RagE2ETest" time="0.0">
    <skipped message="disabledWithoutDocker is true and Docker is not available"/>
    <system-out><![CDATA[11:44:21.432 [main] INFO org.testcontainers.DockerClientFactory -- Testcontainers version: 1.20.4
11:44:21.693 [main] INFO org.testcontainers.dockerclient.DockerMachineClientProviderStrategy -- docker-machine executable was not found on PATH ([/opt/homebrew/bin, /opt/homebrew/sbin, /usr/local/bin, /System/Cryptexes/App/usr/bin, /usr/bin, /bin, /usr/sbin, /sbin, /var/run/com.apple.security.cryptexd/codex.system/bootstrap/usr/local/bin, /var/run/com.apple.security.cryptexd/codex.system/bootstrap/usr/bin, /var/run/com.apple.security.cryptexd/codex.system/bootstrap/usr/appleinternal/bin, /Library/Apple/usr/bin, /Applications/Little Snitch.app/Contents/Components, /usr/local/share/dotnet, ~/.dotnet/tools, /usr/local/go/bin, /Library/Frameworks/Mono.framework/Versions/Current/Commands, /Users/ascatox/.cargo/bin, /Users/ascatox/.codex/tmp/path/codex-arg0lGlksw, /usr/local/lib/node_modules/@openai/codex/vendor/aarch64-apple-darwin/path, /usr/local/git/bin, /Library/Java/JavaVirtualMachines/jdk-17.jdk/Contents/Home/bin, /usr/local/opt/node@8/bin, /Users/ascatox/Library/Android/sdk/emulator, /Users/ascatox/Library/Android/sdk/tools, /Users/ascatox/Documents/Servers/besu/web3j/bin, /Users/ascatox/apache-maven-3.8.1/bin, /opt/homebrew/bin, /Users/ascatox/go/bin, /opt/X11/bin, /Library/TeX/texbin, /Users/ascatox/Library/Android/sdk/platform-tools, /usr/local/bin])
11:44:21.694 [main] ERROR org.testcontainers.dockerclient.DockerClientProviderStrategy -- Could not find a valid Docker environment. Please check configuration. Attempted configurations were:
	UnixSocketClientProviderStrategy: failed with exception InvalidConfigurationException (Could not find unix domain socket). Root cause NoSuchFileException (/var/run/docker.sock)
	DockerDesktopClientProviderStrategy: failed with exception NullPointerException (Cannot invoke "java.nio.file.Path.toString()" because the return value of "org.testcontainers.dockerclient.DockerDesktopClientProviderStrategy.getSocketPath()" is null)As no valid configuration was found, execution cannot continue.
See https://java.testcontainers.org/on_failure.html for more details.
]]></system-out>
  </testcase>
</testsuite>